android/build/intermediates/manifest_merge_blame_file/release/manifest-merger-blame-release-report.txt
1<?xml version="1.0" encoding="utf-8"?>
2<manifest xmlns:android="http://schemas.android.com/apk/res/android"
3    package="com.yuanzhou.vlc" >
4
5    <uses-sdk
6        android:minSdkVersion="16"
6-->src/main/AndroidManifest.xml
7        android:targetSdkVersion="33" />
7-->src/main/AndroidManifest.xml
8
9    <application
9-->src/main/AndroidManifest.xml:5:5-8:19
10        android:label="@string/app_name"
10-->src/main/AndroidManifest.xml:5:19-51
11        android:supportsRtl="true" >
11-->src/main/AndroidManifest.xml:6:9-35
12    </application>
13
14</manifest>